-------------------------------------------------------------------------------
Test set: com.m2i.appliTpFinal.test.TestServiceSpectacle
-------------------------------------------------------------------------------
Tests run: 1, Failures: 0, Errors: 1, Skipped: 0, Time elapsed: 3.471 s <<< FAILURE! - in com.m2i.appliTpFinal.test.TestServiceSpectacle
testAjoutSpectacle(com.m2i.appliTpFinal.test.TestServiceSpectacle)  Time elapsed: 0.001 s  <<< ERROR!
java.lang.IllegalStateException: Failed to load ApplicationContext
Caused by: org.springframework.beans.factory.BeanCreationException: Error creating bean with name 'entityManagerFactory' defined in class path resource [org/springframework/boot/autoconfigure/orm/jpa/HibernateJpaConfiguration.class]: Invocation of init method failed; nested exception is org.hibernate.AnnotationException: No identifier specified for entity: com.m2i.appliTpFinal.entity.Spectacle
Caused by: org.hibernate.AnnotationException: No identifier specified for entity: com.m2i.appliTpFinal.entity.Spectacle

